2024-01-25 17:31:13,993 [Worker-0: Loading available Gradle versions] INFO  o.e.b.c.i.u.g.PublishedGradleVersions - Gradle version information cache is up-to-date. Trying to read.
2024-01-29 13:16:41,126 [Worker-0: Loading available Gradle versions] INFO  o.e.b.c.i.u.g.PublishedGradleVersions - Gradle version information cache is out-of-date. Trying to update.
2024-01-29 13:35:20,639 [Worker-8: Importing Maven projects] ERROR o.e.m.c.i.p.ProjectConfigurationManager - Project demo already exists
2024-01-29 13:35:24,969 [Worker-8: Importing Maven projects] INFO  o.e.m.c.i.l.LifecycleMappingFactory - Using org.eclipse.m2e.jdt.JarLifecycleMapping lifecycle mapping for MavenProject: security_tutorial:codingtechniques_tutorial:0.0.1-SNAPSHOT @ C:\Users\hiralkhaniya\Downloads\Admin_User_Registration_Login_Spring_Boot_Application-main\Admin_User_Registration_Login_Spring_Boot_Application-main\Admin_User_Registration\pom.xml.
2024-01-29 13:35:25,714 [Worker-8: Importing Maven projects] INFO  o.e.m.c.i.l.LifecycleMappingFactory - Using org.eclipse.m2e.jdt.JarLifecycleMapping lifecycle mapping for MavenProject: com.example:demo:0.0.1-SNAPSHOT @ C:\Users\hiralkhaniya\Downloads\demo (1)\demo\pom.xml.
2024-01-29 13:35:26,234 [Worker-8: Importing Maven projects] INFO  o.e.m.c.i.l.LifecycleMappingFactory - Using org.maven.ide.eclipse.wtp.WarLifecycleMapping lifecycle mapping for MavenProject: com.example:bootjpaExample:0.0.1-SNAPSHOT @ C:\Users\hiralkhaniya\Downloads\demo (3)\bootjpaExample\pom.xml.
2024-01-29 13:35:26,727 [Worker-8: Importing Maven projects] INFO  o.e.m.c.i.p.WorkspaceClassifierResolverManager - Resolving P/springBootExample: com.example:springBootExample:0.0.1-SNAPSHOT with classifier  to /springBootExample/target/classes
2024-01-29 13:35:26,897 [Worker-8: Importing Maven projects] INFO  o.e.m.c.i.l.LifecycleMappingFactory - Using org.maven.ide.eclipse.wtp.WarLifecycleMapping lifecycle mapping for MavenProject: com.example:springBootExample:0.0.1-SNAPSHOT @ C:\Users\hiralkhaniya\Downloads\demo (3)\springBootExample\pom.xml.
2024-01-29 13:35:27,133 [Worker-8: Importing Maven projects] INFO  o.e.m.c.i.l.LifecycleMappingFactory - Using org.maven.ide.eclipse.wtp.WarLifecycleMapping lifecycle mapping for MavenProject: com.jsp:springBoot:0.0.1-SNAPSHOT @ C:\Users\hiralkhaniya\Downloads\JSPDEMOJSP\JSPDEMOJSP\pom.xml.
2024-01-29 13:35:27,335 [Worker-8: Importing Maven projects] INFO  o.e.m.c.i.l.LifecycleMappingFactory - Using org.eclipse.m2e.jdt.JarLifecycleMapping lifecycle mapping for MavenProject: com.example:test:0.0.1-SNAPSHOT @ C:\Users\hiralkhaniya\Downloads\Spring-Boot-Thymeleaf-CRUD-Example\Spring Boot Thymeleaf CRUD Example\pom.xml.
2024-01-29 13:35:27,654 [Worker-8: Importing Maven projects] INFO  o.e.m.c.i.l.LifecycleMappingFactory - Using org.maven.ide.eclipse.wtp.WarLifecycleMapping lifecycle mapping for MavenProject: com.example:springBoot_front-end:0.0.1-SNAPSHOT @ C:\Users\hiralkhaniya\Downloads\springBoot_front-end\springBoot_front-end\pom.xml.
2024-01-29 13:35:27,831 [Worker-8: Importing Maven projects] INFO  o.e.m.c.i.l.LifecycleMappingFactory - Using org.maven.ide.eclipse.wtp.WarLifecycleMapping lifecycle mapping for MavenProject: com.example:spring_boot_Login_system:0.0.1-SNAPSHOT @ C:\Users\hiralkhaniya\Downloads\spring_boot_Login_system\pom.xml.
2024-01-29 13:35:28,034 [Worker-8: Importing Maven projects] INFO  o.e.m.c.i.l.LifecycleMappingFactory - Using org.maven.ide.eclipse.wtp.WarLifecycleMapping lifecycle mapping for MavenProject: com.example:bootjpaExample:0.0.1-SNAPSHOT @ C:\Users\hiralkhaniya\Downloads\demo (3)\bootjpaExample\pom.xml.
2024-01-29 13:35:28,083 [Worker-8: Importing Maven projects] INFO  o.e.m.c.i.p.WorkspaceClassifierResolverManager - Resolving P/springBootExample: com.example:springBootExample:0.0.1-SNAPSHOT with classifier  to /springBootExample/target/classes
2024-01-29 13:35:34,742 [Worker-8: Importing Maven projects] INFO  o.e.m.j.i.AbstractJavaProjectConfigurator - Adding source folder /test/src/main/java
2024-01-29 13:35:34,743 [Worker-8: Importing Maven projects] INFO  o.e.m.j.i.AbstractJavaProjectConfigurator - Adding resource folder /test/src/main/resources
2024-01-29 13:35:34,744 [Worker-8: Importing Maven projects] INFO  o.e.m.j.i.AbstractJavaProjectConfigurator - Adding resource folder /test/src/main/resources
2024-01-29 13:35:34,745 [Worker-8: Importing Maven projects] INFO  o.e.m.j.i.AbstractJavaProjectConfigurator - Adding source folder /test/src/test/java
2024-01-29 13:35:35,499 [Worker-8: Importing Maven projects] INFO  o.e.m.j.i.AbstractJavaProjectConfigurator - Adding source folder /springBootExample/src/main/java
2024-01-29 13:35:35,499 [Worker-8: Importing Maven projects] INFO  o.e.m.j.i.AbstractJavaProjectConfigurator - Adding resource folder /springBootExample/src/main/resources
2024-01-29 13:35:35,499 [Worker-8: Importing Maven projects] INFO  o.e.m.j.i.AbstractJavaProjectConfigurator - Adding resource folder /springBootExample/src/main/resources
2024-01-29 13:35:35,501 [Worker-8: Importing Maven projects] INFO  o.e.m.j.i.AbstractJavaProjectConfigurator - Adding source folder /springBootExample/src/test/java
2024-01-29 13:35:36,009 [Worker-15: Updating Maven Dependencies] INFO  o.e.m.c.i.l.LifecycleMappingFactory - Using org.eclipse.m2e.jdt.JarLifecycleMapping lifecycle mapping for MavenProject: com.example:test:0.0.1-SNAPSHOT @ C:\Users\hiralkhaniya\Downloads\Spring-Boot-Thymeleaf-CRUD-Example\Spring Boot Thymeleaf CRUD Example\pom.xml.
2024-01-29 13:35:37,528 [Worker-8: Importing Maven projects] INFO  o.e.m.j.i.AbstractJavaProjectConfigurator - Adding source folder /bootjpaExample/src/main/java
2024-01-29 13:35:37,528 [Worker-8: Importing Maven projects] INFO  o.e.m.j.i.AbstractJavaProjectConfigurator - Adding resource folder /bootjpaExample/src/main/resources
2024-01-29 13:35:37,529 [Worker-8: Importing Maven projects] INFO  o.e.m.j.i.AbstractJavaProjectConfigurator - Adding resource folder /bootjpaExample/src/main/resources
2024-01-29 13:35:37,531 [Worker-8: Importing Maven projects] INFO  o.e.m.j.i.AbstractJavaProjectConfigurator - Adding source folder /bootjpaExample/src/test/java
2024-01-29 13:35:39,324 [Worker-8: Importing Maven projects] INFO  o.e.m.c.i.p.WorkspaceClassifierResolverManager - Resolving P/springBootExample: com.example:springBootExample:0.0.1-SNAPSHOT with classifier  to /springBootExample/target/classes
2024-01-29 13:35:39,427 [Worker-8: Importing Maven projects] INFO  o.e.m.j.i.AbstractJavaProjectConfigurator - Adding source folder /demo/src/main/java
2024-01-29 13:35:39,428 [Worker-8: Importing Maven projects] INFO  o.e.m.j.i.AbstractJavaProjectConfigurator - Adding resource folder /demo/src/main/resources
2024-01-29 13:35:39,429 [Worker-8: Importing Maven projects] INFO  o.e.m.j.i.AbstractJavaProjectConfigurator - Adding resource folder /demo/src/main/resources
2024-01-29 13:35:39,430 [Worker-8: Importing Maven projects] INFO  o.e.m.j.i.AbstractJavaProjectConfigurator - Adding source folder /demo/src/test/java
2024-01-29 13:35:40,136 [Worker-8: Importing Maven projects] INFO  o.e.m.j.i.AbstractJavaProjectConfigurator - Adding source folder /springBoot_front-end/src/main/java
2024-01-29 13:35:40,137 [Worker-8: Importing Maven projects] INFO  o.e.m.j.i.AbstractJavaProjectConfigurator - Adding resource folder /springBoot_front-end/src/main/resources
2024-01-29 13:35:40,144 [Worker-8: Importing Maven projects] INFO  o.e.m.j.i.AbstractJavaProjectConfigurator - Adding resource folder /springBoot_front-end/src/main/resources
2024-01-29 13:35:40,151 [Worker-8: Importing Maven projects] INFO  o.e.m.j.i.AbstractJavaProjectConfigurator - Adding source folder /springBoot_front-end/src/test/java
2024-01-29 13:35:41,850 [Worker-8: Importing Maven projects] INFO  o.e.m.j.i.AbstractJavaProjectConfigurator - Adding source folder /springBoot/src/main/java
2024-01-29 13:35:41,850 [Worker-8: Importing Maven projects] INFO  o.e.m.j.i.AbstractJavaProjectConfigurator - Adding resource folder /springBoot/src/main/resources
2024-01-29 13:35:41,851 [Worker-8: Importing Maven projects] INFO  o.e.m.j.i.AbstractJavaProjectConfigurator - Adding resource folder /springBoot/src/main/resources
2024-01-29 13:35:41,852 [Worker-8: Importing Maven projects] INFO  o.e.m.j.i.AbstractJavaProjectConfigurator - Adding source folder /springBoot/src/test/java
2024-01-29 13:35:41,852 [Worker-8: Importing Maven projects] INFO  o.e.m.j.i.AbstractJavaProjectConfigurator - Adding resource folder /springBoot/src/test/resources
2024-01-29 13:35:43,418 [Worker-8: Importing Maven projects] INFO  o.e.m.j.i.AbstractJavaProjectConfigurator - Adding source folder /spring_boot_Login_system/src/main/java
2024-01-29 13:35:43,419 [Worker-8: Importing Maven projects] INFO  o.e.m.j.i.AbstractJavaProjectConfigurator - Adding resource folder /spring_boot_Login_system/src/main/resources
2024-01-29 13:35:43,420 [Worker-8: Importing Maven projects] INFO  o.e.m.j.i.AbstractJavaProjectConfigurator - Adding resource folder /spring_boot_Login_system/src/main/resources
2024-01-29 13:35:43,420 [Worker-8: Importing Maven projects] INFO  o.e.m.j.i.AbstractJavaProjectConfigurator - Adding source folder /spring_boot_Login_system/src/test/java
2024-01-29 13:35:44,564 [Worker-8: Importing Maven projects] INFO  o.e.m.j.i.AbstractJavaProjectConfigurator - Adding source folder /codingtechniques_tutorial/src/main/java
2024-01-29 13:35:44,565 [Worker-8: Importing Maven projects] INFO  o.e.m.j.i.AbstractJavaProjectConfigurator - Adding resource folder /codingtechniques_tutorial/src/main/resources
2024-01-29 13:35:44,566 [Worker-8: Importing Maven projects] INFO  o.e.m.j.i.AbstractJavaProjectConfigurator - Adding resource folder /codingtechniques_tutorial/src/main/resources
2024-01-29 13:35:44,566 [Worker-8: Importing Maven projects] INFO  o.e.m.j.i.AbstractJavaProjectConfigurator - Adding source folder /codingtechniques_tutorial/src/test/java
2024-01-29 13:35:45,336 [Worker-8: Importing Maven projects] INFO  o.e.m.c.i.p.ProjectConfigurationManager - Imported and configured 9 project(s) in 26 sec
2024-01-29 13:35:46,302 [Worker-13: Updating Maven Project] INFO  o.e.m.c.i.p.ProjectConfigurationManager - Update started
2024-01-29 13:35:48,091 [Worker-13: Updating Maven Project] INFO  o.e.m.c.i.l.LifecycleMappingFactory - Using org.eclipse.m2e.jdt.JarLifecycleMapping lifecycle mapping for MavenProject: security_tutorial:codingtechniques_tutorial:0.0.1-SNAPSHOT @ C:\Users\hiralkhaniya\Downloads\Admin_User_Registration_Login_Spring_Boot_Application-main\Admin_User_Registration_Login_Spring_Boot_Application-main\Admin_User_Registration\pom.xml.
2024-01-29 13:35:48,523 [Worker-13: Updating Maven Project] INFO  o.e.m.c.i.l.LifecycleMappingFactory - Using org.eclipse.m2e.jdt.JarLifecycleMapping lifecycle mapping for MavenProject: com.example:demo:0.0.1-SNAPSHOT @ C:\Users\hiralkhaniya\Downloads\demo (1)\demo\pom.xml.
2024-01-29 13:35:48,755 [Worker-13: Updating Maven Project] INFO  o.e.m.c.i.l.LifecycleMappingFactory - Using org.maven.ide.eclipse.wtp.WarLifecycleMapping lifecycle mapping for MavenProject: com.example:springBoot_front-end:0.0.1-SNAPSHOT @ C:\Users\hiralkhaniya\Downloads\springBoot_front-end\springBoot_front-end\pom.xml.
2024-01-29 13:35:48,969 [Worker-13: Updating Maven Project] INFO  o.e.m.c.i.l.LifecycleMappingFactory - Using org.maven.ide.eclipse.wtp.WarLifecycleMapping lifecycle mapping for MavenProject: com.example:spring_boot_Login_system:0.0.1-SNAPSHOT @ C:\Users\hiralkhaniya\Downloads\spring_boot_Login_system\pom.xml.
2024-01-29 13:35:49,124 [Worker-13: Updating Maven Project] INFO  o.e.m.c.i.l.LifecycleMappingFactory - Using org.eclipse.m2e.jdt.JarLifecycleMapping lifecycle mapping for MavenProject: com.example:test:0.0.1-SNAPSHOT @ C:\Users\hiralkhaniya\Downloads\Spring-Boot-Thymeleaf-CRUD-Example\Spring Boot Thymeleaf CRUD Example\pom.xml.
2024-01-29 13:35:51,701 [Worker-13: Updating Maven Project] INFO  o.e.m.j.i.AbstractJavaProjectConfigurator - Adding source folder /codingtechniques_tutorial/src/main/java
2024-01-29 13:35:51,702 [Worker-13: Updating Maven Project] INFO  o.e.m.j.i.AbstractJavaProjectConfigurator - Adding resource folder /codingtechniques_tutorial/src/main/resources
2024-01-29 13:35:51,702 [Worker-13: Updating Maven Project] INFO  o.e.m.j.i.AbstractJavaProjectConfigurator - Adding resource folder /codingtechniques_tutorial/src/main/resources
2024-01-29 13:35:51,702 [Worker-13: Updating Maven Project] INFO  o.e.m.j.i.AbstractJavaProjectConfigurator - Adding source folder /codingtechniques_tutorial/src/test/java
2024-01-29 13:35:52,373 [Worker-13: Updating Maven Project] INFO  o.e.m.j.i.AbstractJavaProjectConfigurator - Adding source folder /demo/src/main/java
2024-01-29 13:35:52,373 [Worker-13: Updating Maven Project] INFO  o.e.m.j.i.AbstractJavaProjectConfigurator - Adding resource folder /demo/src/main/resources
2024-01-29 13:35:52,375 [Worker-13: Updating Maven Project] INFO  o.e.m.j.i.AbstractJavaProjectConfigurator - Adding resource folder /demo/src/main/resources
2024-01-29 13:35:52,376 [Worker-13: Updating Maven Project] INFO  o.e.m.j.i.AbstractJavaProjectConfigurator - Adding source folder /demo/src/test/java
2024-01-29 13:35:53,003 [Worker-13: Updating Maven Project] INFO  o.e.m.j.i.AbstractJavaProjectConfigurator - Adding source folder /springBoot_front-end/src/main/java
2024-01-29 13:35:53,004 [Worker-13: Updating Maven Project] INFO  o.e.m.j.i.AbstractJavaProjectConfigurator - Adding resource folder /springBoot_front-end/src/main/resources
2024-01-29 13:35:53,004 [Worker-13: Updating Maven Project] INFO  o.e.m.j.i.AbstractJavaProjectConfigurator - Adding resource folder /springBoot_front-end/src/main/resources
2024-01-29 13:35:53,005 [Worker-13: Updating Maven Project] INFO  o.e.m.j.i.AbstractJavaProjectConfigurator - Adding source folder /springBoot_front-end/src/test/java
2024-01-29 13:35:54,110 [Worker-13: Updating Maven Project] INFO  o.e.m.j.i.AbstractJavaProjectConfigurator - Adding source folder /spring_boot_Login_system/src/main/java
2024-01-29 13:35:54,111 [Worker-13: Updating Maven Project] INFO  o.e.m.j.i.AbstractJavaProjectConfigurator - Adding resource folder /spring_boot_Login_system/src/main/resources
2024-01-29 13:35:54,112 [Worker-13: Updating Maven Project] INFO  o.e.m.j.i.AbstractJavaProjectConfigurator - Adding resource folder /spring_boot_Login_system/src/main/resources
2024-01-29 13:35:54,112 [Worker-13: Updating Maven Project] INFO  o.e.m.j.i.AbstractJavaProjectConfigurator - Adding source folder /spring_boot_Login_system/src/test/java
2024-01-29 13:35:54,874 [Worker-13: Updating Maven Project] INFO  o.e.m.j.i.AbstractJavaProjectConfigurator - Adding source folder /test/src/main/java
2024-01-29 13:35:54,875 [Worker-13: Updating Maven Project] INFO  o.e.m.j.i.AbstractJavaProjectConfigurator - Adding resource folder /test/src/main/resources
2024-01-29 13:35:54,875 [Worker-13: Updating Maven Project] INFO  o.e.m.j.i.AbstractJavaProjectConfigurator - Adding resource folder /test/src/main/resources
2024-01-29 13:35:54,876 [Worker-13: Updating Maven Project] INFO  o.e.m.j.i.AbstractJavaProjectConfigurator - Adding source folder /test/src/test/java
2024-01-29 13:35:56,005 [Worker-13: Updating Maven Project] INFO  o.e.m.w.i.f.ResourceFilteringBuildParticipant - Cleaning filtered folder for springBoot_front-end
2024-01-29 13:35:56,052 [Worker-13: Updating Maven Project] INFO  o.e.m.w.i.f.ResourceFilteringBuildParticipant - Cleaning filtered folder for spring_boot_Login_system
2024-01-29 13:35:56,095 [Worker-13: Updating Maven Project] INFO  o.e.m.c.i.p.ProjectConfigurationManager - Update completed for 5 poms: local refresh takes 0.00 sec, refresh facades takes 5.00 sec, update config takes 3.00 sec 
2024-01-29 13:35:56,106 [Worker-13: Updating Maven Project] INFO  o.e.m.c.i.p.ProjectConfigurationManager - Update started
2024-01-29 13:35:56,884 [Worker-13: Updating Maven Project] INFO  o.e.m.c.i.l.LifecycleMappingFactory - Using org.maven.ide.eclipse.wtp.WarLifecycleMapping lifecycle mapping for MavenProject: com.example:bootjpaExample:0.0.1-SNAPSHOT @ C:\Users\hiralkhaniya\Downloads\demo (3)\bootjpaExample\pom.xml.
2024-01-29 13:35:57,145 [Worker-13: Updating Maven Project] INFO  o.e.m.c.i.p.WorkspaceClassifierResolverManager - Resolving P/springBootExample: com.example:springBootExample:0.0.1-SNAPSHOT with classifier  to /springBootExample/target/classes
2024-01-29 13:35:57,215 [Worker-13: Updating Maven Project] INFO  o.e.m.c.i.l.LifecycleMappingFactory - Using org.maven.ide.eclipse.wtp.WarLifecycleMapping lifecycle mapping for MavenProject: com.jsp:springBoot:0.0.1-SNAPSHOT @ C:\Users\hiralkhaniya\Downloads\JSPDEMOJSP\JSPDEMOJSP\pom.xml.
2024-01-29 13:35:57,316 [Worker-13: Updating Maven Project] INFO  o.e.m.c.i.l.LifecycleMappingFactory - Using org.maven.ide.eclipse.wtp.WarLifecycleMapping lifecycle mapping for MavenProject: com.example:springBootExample:0.0.1-SNAPSHOT @ C:\Users\hiralkhaniya\Downloads\demo (3)\springBootExample\pom.xml.
2024-01-29 13:35:58,741 [Worker-13: Updating Maven Project] INFO  o.e.m.j.i.AbstractJavaProjectConfigurator - Adding source folder /bootjpaExample/src/main/java
2024-01-29 13:35:58,741 [Worker-13: Updating Maven Project] INFO  o.e.m.j.i.AbstractJavaProjectConfigurator - Adding resource folder /bootjpaExample/src/main/resources
2024-01-29 13:35:58,742 [Worker-13: Updating Maven Project] INFO  o.e.m.j.i.AbstractJavaProjectConfigurator - Adding resource folder /bootjpaExample/src/main/resources
2024-01-29 13:35:58,742 [Worker-13: Updating Maven Project] INFO  o.e.m.j.i.AbstractJavaProjectConfigurator - Adding source folder /bootjpaExample/src/test/java
2024-01-29 13:35:59,773 [Worker-13: Updating Maven Project] INFO  o.e.m.j.i.AbstractJavaProjectConfigurator - Adding source folder /springBoot/src/main/java
2024-01-29 13:35:59,773 [Worker-13: Updating Maven Project] INFO  o.e.m.j.i.AbstractJavaProjectConfigurator - Adding resource folder /springBoot/src/main/resources
2024-01-29 13:35:59,773 [Worker-13: Updating Maven Project] INFO  o.e.m.j.i.AbstractJavaProjectConfigurator - Adding resource folder /springBoot/src/main/resources
2024-01-29 13:35:59,774 [Worker-13: Updating Maven Project] INFO  o.e.m.j.i.AbstractJavaProjectConfigurator - Adding source folder /springBoot/src/test/java
2024-01-29 13:35:59,774 [Worker-13: Updating Maven Project] INFO  o.e.m.j.i.AbstractJavaProjectConfigurator - Adding resource folder /springBoot/src/test/resources
2024-01-29 13:36:00,509 [Worker-13: Updating Maven Project] INFO  o.e.m.j.i.AbstractJavaProjectConfigurator - Adding source folder /springBootExample/src/main/java
2024-01-29 13:36:00,509 [Worker-13: Updating Maven Project] INFO  o.e.m.j.i.AbstractJavaProjectConfigurator - Adding resource folder /springBootExample/src/main/resources
2024-01-29 13:36:00,510 [Worker-13: Updating Maven Project] INFO  o.e.m.j.i.AbstractJavaProjectConfigurator - Adding resource folder /springBootExample/src/main/resources
2024-01-29 13:36:00,510 [Worker-13: Updating Maven Project] INFO  o.e.m.j.i.AbstractJavaProjectConfigurator - Adding source folder /springBootExample/src/test/java
2024-01-29 13:36:01,229 [Worker-13: Updating Maven Project] INFO  o.e.m.w.i.f.ResourceFilteringBuildParticipant - Cleaning filtered folder for bootjpaExample
2024-01-29 13:36:01,270 [Worker-13: Updating Maven Project] INFO  o.e.m.w.i.f.ResourceFilteringBuildParticipant - Cleaning filtered folder for springBoot
2024-01-29 13:36:01,318 [Worker-13: Updating Maven Project] INFO  o.e.m.w.i.f.ResourceFilteringBuildParticipant - Cleaning filtered folder for springBootExample
2024-01-29 13:36:01,325 [Worker-13: Updating Maven Project] INFO  o.e.m.c.i.p.ProjectConfigurationManager - Update completed for 3 poms: local refresh takes 0.00 sec, refresh facades takes 2.00 sec, update config takes 2.00 sec 
2024-01-29 13:36:01,886 [Worker-15: Building] INFO  o.a.m.s.f.DefaultMavenResourcesFiltering - Copying 1 resource from src\main\resources to target\classes
2024-01-29 13:36:01,912 [Worker-15: Building] INFO  o.a.m.s.f.DefaultMavenResourcesFiltering - Copying 5 resources from src\main\resources to target\classes
2024-01-29 13:36:01,946 [Worker-15: Building] INFO  o.a.m.s.f.DefaultMavenResourcesFiltering - skip non existing resourceDirectory C:\Users\hiralkhaniya\Downloads\Admin_User_Registration_Login_Spring_Boot_Application-main\Admin_User_Registration_Login_Spring_Boot_Application-main\Admin_User_Registration\src\test\resources
2024-01-29 13:36:02,826 [Worker-15: Building] INFO  o.e.m.w.i.f.ResourceFilteringBuildParticipant - Changed resources require a complete clean of filtered resources of springBoot
2024-01-29 13:36:02,826 [Worker-15: Building] INFO  o.e.m.w.i.f.ResourceFilteringBuildParticipant - Executing resource filtering for springBoot
2024-01-29 13:36:03,326 [Worker-15: Building] INFO  o.e.m.w.i.f.ResourceFilteringBuildParticipant - Changed resources require a complete clean of filtered resources of springBootExample
2024-01-29 13:36:03,326 [Worker-15: Building] INFO  o.e.m.w.i.f.ResourceFilteringBuildParticipant - Executing resource filtering for springBootExample
2024-01-29 13:36:03,560 [Worker-15: Building] INFO  o.e.m.w.i.f.ResourceFilteringBuildParticipant - Changed resources require a complete clean of filtered resources of bootjpaExample
2024-01-29 13:36:03,560 [Worker-15: Building] INFO  o.e.m.w.i.f.ResourceFilteringBuildParticipant - Executing resource filtering for bootjpaExample
2024-01-29 13:36:03,815 [Worker-15: Building] INFO  o.e.m.w.i.f.ResourceFilteringBuildParticipant - Changed resources require a complete clean of filtered resources of springBoot_front-end
2024-01-29 13:36:03,815 [Worker-15: Building] INFO  o.e.m.w.i.f.ResourceFilteringBuildParticipant - Executing resource filtering for springBoot_front-end
2024-01-29 13:36:04,109 [Worker-15: Building] INFO  o.e.m.w.i.f.ResourceFilteringBuildParticipant - Changed resources require a complete clean of filtered resources of spring_boot_Login_system
2024-01-29 13:36:04,109 [Worker-15: Building] INFO  o.e.m.w.i.f.ResourceFilteringBuildParticipant - Executing resource filtering for spring_boot_Login_system
2024-01-29 13:37:38,020 [Worker-13: Building] INFO  o.a.m.s.f.DefaultMavenResourcesFiltering - Copying 0 resource from src\main\resources to target\classes
2024-01-29 13:37:38,020 [Worker-13: Building] INFO  o.a.m.s.f.DefaultMavenResourcesFiltering - Copying 0 resource from src\main\resources to target\classes
2024-01-29 13:37:38,023 [Worker-13: Building] INFO  o.a.m.s.f.DefaultMavenResourcesFiltering - Copying 0 resource from src\test\resources to target\test-classes
2024-01-29 13:37:38,052 [Worker-13: Building] INFO  o.a.m.s.f.DefaultMavenResourcesFiltering - Copying 0 resource from src\main\resources to target\classes
2024-01-29 13:37:38,052 [Worker-13: Building] INFO  o.a.m.s.f.DefaultMavenResourcesFiltering - Copying 0 resource from src\main\resources to target\classes
2024-01-29 13:37:38,055 [Worker-13: Building] INFO  o.a.m.s.f.DefaultMavenResourcesFiltering - skip non existing resourceDirectory C:\Users\hiralkhaniya\Downloads\demo (3)\bootjpaExample\src\test\resources
2024-01-29 13:37:38,080 [Worker-13: Building] INFO  o.a.m.s.f.DefaultMavenResourcesFiltering - Copying 0 resource from src\main\resources to target\classes
2024-01-29 13:37:38,081 [Worker-13: Building] INFO  o.a.m.s.f.DefaultMavenResourcesFiltering - Copying 0 resource from src\main\resources to target\classes
2024-01-29 13:37:38,084 [Worker-13: Building] INFO  o.a.m.s.f.DefaultMavenResourcesFiltering - skip non existing resourceDirectory C:\Users\hiralkhaniya\Downloads\springBoot_front-end\springBoot_front-end\src\test\resources
2024-01-29 13:37:38,103 [Worker-13: Building] INFO  o.a.m.s.f.DefaultMavenResourcesFiltering - Copying 0 resource from src\main\resources to target\classes
2024-01-29 13:37:38,103 [Worker-13: Building] INFO  o.a.m.s.f.DefaultMavenResourcesFiltering - Copying 0 resource from src\main\resources to target\classes
2024-01-29 13:37:38,108 [Worker-13: Building] INFO  o.a.m.s.f.DefaultMavenResourcesFiltering - skip non existing resourceDirectory C:\Users\hiralkhaniya\Downloads\spring_boot_Login_system\src\test\resources
2024-01-29 14:06:03,817 [Worker-21: Building] INFO  o.a.m.s.f.DefaultMavenResourcesFiltering - Copying 0 resource from src\main\resources to target\classes
2024-01-29 14:06:03,818 [Worker-21: Building] INFO  o.a.m.s.f.DefaultMavenResourcesFiltering - Copying 0 resource from src\main\resources to target\classes
2024-01-29 14:06:03,826 [Worker-21: Building] INFO  o.a.m.s.f.DefaultMavenResourcesFiltering - skip non existing resourceDirectory C:\Users\hiralkhaniya\Downloads\spring_boot_Login_system\src\test\resources
2024-01-29 14:06:09,189 [Worker-25: Building] INFO  o.a.m.s.f.DefaultMavenResourcesFiltering - Copying 0 resource from src\main\resources to target\classes
2024-01-29 14:06:09,190 [Worker-25: Building] INFO  o.a.m.s.f.DefaultMavenResourcesFiltering - Copying 0 resource from src\main\resources to target\classes
2024-01-29 14:06:09,195 [Worker-25: Building] INFO  o.a.m.s.f.DefaultMavenResourcesFiltering - skip non existing resourceDirectory C:\Users\hiralkhaniya\Downloads\spring_boot_Login_system\src\test\resources
2024-01-29 14:18:55,167 [Worker-36: Building] INFO  o.a.m.s.f.DefaultMavenResourcesFiltering - Copying 0 resource from src\main\resources to target\classes
2024-01-29 14:18:55,167 [Worker-36: Building] INFO  o.a.m.s.f.DefaultMavenResourcesFiltering - Copying 0 resource from src\main\resources to target\classes
2024-01-29 14:18:55,171 [Worker-36: Building] INFO  o.a.m.s.f.DefaultMavenResourcesFiltering - skip non existing resourceDirectory C:\Users\hiralkhaniya\Downloads\demo (3)\springBootExample\src\test\resources
2024-01-29 14:37:19,463 [Worker-43: Updating Maven Project] INFO  o.e.m.c.i.p.ProjectConfigurationManager - Update started
2024-01-29 14:37:19,726 [Worker-43: Updating Maven Project] INFO  o.e.m.c.i.l.LifecycleMappingFactory - Using org.maven.ide.eclipse.wtp.WarLifecycleMapping lifecycle mapping for MavenProject: com.example:spring_boot_Login_system:0.0.1-SNAPSHOT @ C:\Users\hiralkhaniya\Downloads\spring_boot_Login_system\pom.xml.
2024-01-29 14:37:20,369 [Worker-43: Updating Maven Project] INFO  o.e.m.j.i.AbstractJavaProjectConfigurator - Adding source folder /spring_boot_Login_system/src/main/java
2024-01-29 14:37:20,369 [Worker-43: Updating Maven Project] INFO  o.e.m.j.i.AbstractJavaProjectConfigurator - Adding resource folder /spring_boot_Login_system/src/main/resources
2024-01-29 14:37:20,370 [Worker-43: Updating Maven Project] INFO  o.e.m.j.i.AbstractJavaProjectConfigurator - Adding resource folder /spring_boot_Login_system/src/main/resources
2024-01-29 14:37:20,370 [Worker-43: Updating Maven Project] INFO  o.e.m.j.i.AbstractJavaProjectConfigurator - Adding source folder /spring_boot_Login_system/src/test/java
2024-01-29 14:37:21,201 [Worker-43: Updating Maven Project] INFO  o.e.m.w.i.f.ResourceFilteringBuildParticipant - Cleaning filtered folder for spring_boot_Login_system
2024-01-29 14:37:21,214 [Worker-43: Updating Maven Project] INFO  o.e.m.c.i.p.ProjectConfigurationManager - Update completed for 1 poms: local refresh takes 0.00 sec, refresh facades takes 0.00 sec, update config takes 0.00 sec 
2024-01-29 14:37:21,632 [Worker-42: Building] INFO  o.e.m.w.i.f.ResourceFilteringBuildParticipant - Changed resources require a complete clean of filtered resources of spring_boot_Login_system
2024-01-29 14:37:21,632 [Worker-42: Building] INFO  o.e.m.w.i.f.ResourceFilteringBuildParticipant - Executing resource filtering for spring_boot_Login_system
2024-01-29 14:38:49,126 [Worker-42: Updating Maven Project] INFO  o.e.m.c.i.p.ProjectConfigurationManager - Update started
2024-01-29 14:38:49,347 [Worker-42: Updating Maven Project] INFO  o.e.m.c.i.l.LifecycleMappingFactory - Using org.maven.ide.eclipse.wtp.WarLifecycleMapping lifecycle mapping for MavenProject: com.example:spring_boot_Login_system:0.0.1-SNAPSHOT @ C:\Users\hiralkhaniya\Downloads\spring_boot_Login_system\pom.xml.
2024-01-29 14:38:50,020 [Worker-42: Updating Maven Project] INFO  o.e.m.j.i.AbstractJavaProjectConfigurator - Adding source folder /spring_boot_Login_system/src/main/java
2024-01-29 14:38:50,021 [Worker-42: Updating Maven Project] INFO  o.e.m.j.i.AbstractJavaProjectConfigurator - Adding resource folder /spring_boot_Login_system/src/main/resources
2024-01-29 14:38:50,021 [Worker-42: Updating Maven Project] INFO  o.e.m.j.i.AbstractJavaProjectConfigurator - Adding resource folder /spring_boot_Login_system/src/main/resources
2024-01-29 14:38:50,022 [Worker-42: Updating Maven Project] INFO  o.e.m.j.i.AbstractJavaProjectConfigurator - Adding source folder /spring_boot_Login_system/src/test/java
2024-01-29 14:38:50,693 [Worker-42: Updating Maven Project] INFO  o.e.m.w.i.f.ResourceFilteringBuildParticipant - Cleaning filtered folder for spring_boot_Login_system
2024-01-29 14:38:50,704 [Worker-42: Updating Maven Project] INFO  o.e.m.c.i.p.ProjectConfigurationManager - Update completed for 1 poms: local refresh takes 0.00 sec, refresh facades takes 0.00 sec, update config takes 0.00 sec 
2024-01-29 14:38:51,001 [Worker-41: Building] INFO  o.e.m.w.i.f.ResourceFilteringBuildParticipant - Changed resources require a complete clean of filtered resources of spring_boot_Login_system
2024-01-29 14:38:51,001 [Worker-41: Building] INFO  o.e.m.w.i.f.ResourceFilteringBuildParticipant - Executing resource filtering for spring_boot_Login_system
2024-01-29 14:39:59,072 [Worker-50: Launching spring_boot_Login_system - SpringBootLoginSystemApplication] INFO  o.a.m.s.f.DefaultMavenResourcesFiltering - Copying 1 resource from src\main\resources to target\classes
2024-01-29 14:39:59,088 [Worker-50: Launching spring_boot_Login_system - SpringBootLoginSystemApplication] INFO  o.a.m.s.f.DefaultMavenResourcesFiltering - Copying 0 resource from src\main\resources to target\classes
2024-01-29 14:39:59,092 [Worker-50: Launching spring_boot_Login_system - SpringBootLoginSystemApplication] INFO  o.a.m.s.f.DefaultMavenResourcesFiltering - skip non existing resourceDirectory C:\Users\hiralkhaniya\Downloads\spring_boot_Login_system\src\test\resources
2024-01-29 14:41:53,052 [Worker-39: Building] INFO  o.a.m.s.f.DefaultMavenResourcesFiltering - Copying 1 resource from src\main\resources to target\classes
2024-01-29 14:41:53,058 [Worker-39: Building] INFO  o.a.m.s.f.DefaultMavenResourcesFiltering - Copying 2 resources from src\main\resources to target\classes
2024-01-29 14:41:53,068 [Worker-39: Building] INFO  o.a.m.s.f.DefaultMavenResourcesFiltering - skip non existing resourceDirectory C:\Users\hiralkhaniya\Downloads\spring_boot_Login_system\src\test\resources
2024-01-29 14:58:08,831 [Worker-62: Building] INFO  o.a.m.s.f.DefaultMavenResourcesFiltering - Copying 0 resource from src\main\resources to target\classes
2024-01-29 14:58:08,832 [Worker-62: Building] INFO  o.a.m.s.f.DefaultMavenResourcesFiltering - Copying 0 resource from src\main\resources to target\classes
2024-01-29 14:58:08,835 [Worker-62: Building] INFO  o.a.m.s.f.DefaultMavenResourcesFiltering - skip non existing resourceDirectory C:\Users\hiralkhaniya\Downloads\spring_boot_Login_system\src\test\resources
2024-01-29 14:58:11,328 [Worker-63: Building] INFO  o.a.m.s.f.DefaultMavenResourcesFiltering - Copying 0 resource from src\main\resources to target\classes
2024-01-29 14:58:11,329 [Worker-63: Building] INFO  o.a.m.s.f.DefaultMavenResourcesFiltering - Copying 0 resource from src\main\resources to target\classes
2024-01-29 14:58:11,334 [Worker-63: Building] INFO  o.a.m.s.f.DefaultMavenResourcesFiltering - skip non existing resourceDirectory C:\Users\hiralkhaniya\Downloads\spring_boot_Login_system\src\test\resources
2024-01-29 14:58:34,644 [Worker-61: Building] INFO  o.a.m.s.f.DefaultMavenResourcesFiltering - Copying 0 resource from src\main\resources to target\classes
2024-01-29 14:58:34,645 [Worker-61: Building] INFO  o.a.m.s.f.DefaultMavenResourcesFiltering - Copying 0 resource from src\main\resources to target\classes
2024-01-29 14:58:34,648 [Worker-61: Building] INFO  o.a.m.s.f.DefaultMavenResourcesFiltering - skip non existing resourceDirectory C:\Users\hiralkhaniya\Downloads\spring_boot_Login_system\src\test\resources
2024-01-29 14:58:41,311 [Worker-46: Building] INFO  o.a.m.s.f.DefaultMavenResourcesFiltering - Copying 0 resource from src\main\resources to target\classes
2024-01-29 14:58:41,312 [Worker-46: Building] INFO  o.a.m.s.f.DefaultMavenResourcesFiltering - Copying 0 resource from src\main\resources to target\classes
2024-01-29 14:58:41,315 [Worker-46: Building] INFO  o.a.m.s.f.DefaultMavenResourcesFiltering - skip non existing resourceDirectory C:\Users\hiralkhaniya\Downloads\spring_boot_Login_system\src\test\resources
2024-01-29 14:59:01,990 [Worker-58: Building] INFO  o.a.m.s.f.DefaultMavenResourcesFiltering - Copying 0 resource from src\main\resources to target\classes
2024-01-29 14:59:01,991 [Worker-58: Building] INFO  o.a.m.s.f.DefaultMavenResourcesFiltering - Copying 0 resource from src\main\resources to target\classes
2024-01-29 14:59:01,995 [Worker-58: Building] INFO  o.a.m.s.f.DefaultMavenResourcesFiltering - skip non existing resourceDirectory C:\Users\hiralkhaniya\Downloads\spring_boot_Login_system\src\test\resources
2024-01-29 14:59:16,601 [Worker-60: Building] INFO  o.a.m.s.f.DefaultMavenResourcesFiltering - Copying 0 resource from src\main\resources to target\classes
2024-01-29 14:59:16,601 [Worker-60: Building] INFO  o.a.m.s.f.DefaultMavenResourcesFiltering - Copying 0 resource from src\main\resources to target\classes
2024-01-29 14:59:16,604 [Worker-60: Building] INFO  o.a.m.s.f.DefaultMavenResourcesFiltering - skip non existing resourceDirectory C:\Users\hiralkhaniya\Downloads\spring_boot_Login_system\src\test\resources
2024-01-29 14:59:33,533 [Worker-58: Building] INFO  o.a.m.s.f.DefaultMavenResourcesFiltering - Copying 0 resource from src\main\resources to target\classes
2024-01-29 14:59:33,534 [Worker-58: Building] INFO  o.a.m.s.f.DefaultMavenResourcesFiltering - Copying 0 resource from src\main\resources to target\classes
2024-01-29 14:59:33,537 [Worker-58: Building] INFO  o.a.m.s.f.DefaultMavenResourcesFiltering - skip non existing resourceDirectory C:\Users\hiralkhaniya\Downloads\spring_boot_Login_system\src\test\resources
2024-01-29 14:59:50,221 [Worker-62: Building] INFO  o.a.m.s.f.DefaultMavenResourcesFiltering - Copying 0 resource from src\main\resources to target\classes
2024-01-29 14:59:50,222 [Worker-62: Building] INFO  o.a.m.s.f.DefaultMavenResourcesFiltering - Copying 0 resource from src\main\resources to target\classes
2024-01-29 14:59:50,225 [Worker-62: Building] INFO  o.a.m.s.f.DefaultMavenResourcesFiltering - skip non existing resourceDirectory C:\Users\hiralkhaniya\Downloads\spring_boot_Login_system\src\test\resources
2024-01-29 21:45:39,163 [Worker-1: Loading available Gradle versions] INFO  o.e.b.c.i.u.g.PublishedGradleVersions - Gradle version information cache is up-to-date. Trying to read.
2024-01-29 21:53:10,216 [Worker-2: Loading available Gradle versions] INFO  o.e.b.c.i.u.g.PublishedGradleVersions - Gradle version information cache is up-to-date. Trying to read.
2024-01-29 21:54:58,887 [Worker-12: Building] INFO  o.e.m.c.i.p.WorkspaceClassifierResolverManager - Resolving P/springBootExample: com.example:springBootExample:0.0.1-SNAPSHOT with classifier  to /springBootExample/target/classes
2024-01-29 21:54:59,178 [Worker-12: Building] INFO  o.a.m.s.f.DefaultMavenResourcesFiltering - Copying 1 resource from src\main\resources to target\classes
2024-01-29 21:54:59,192 [Worker-12: Building] INFO  o.a.m.s.f.DefaultMavenResourcesFiltering - Copying 0 resource from src\main\resources to target\classes
2024-01-29 21:54:59,196 [Worker-12: Building] INFO  o.a.m.s.f.DefaultMavenResourcesFiltering - skip non existing resourceDirectory C:\Users\hiralkhaniya\Downloads\demo (3)\bootjpaExample\src\test\resources
2024-01-29 22:03:37,152 [Worker-2: Loading available Gradle versions] INFO  o.e.b.c.i.u.g.PublishedGradleVersions - Gradle version information cache is up-to-date. Trying to read.
2024-01-30 09:24:59,373 [Worker-1: Loading available Gradle versions] INFO  o.e.b.c.i.u.g.PublishedGradleVersions - Gradle version information cache is up-to-date. Trying to read.
